> Task :app:preBuild UP-TO-DATE
> Task :app:preDebugBuild UP-TO-DATE
> Task :app:mergeDebugNativeDebugMetadata NO-SOURCE
> Task :app:checkDebugAarMetadata UP-TO-DATE
> Task :app:generateDebugResValues UP-TO-DATE
> Task :app:mapDebugSourceSetPaths UP-TO-DATE
> Task :app:generateDebugResources UP-TO-DATE
> Task :app:packageDebugResources UP-TO-DATE
> Task :app:createDebugCompatibleScreenManifests UP-TO-DATE
> Task :app:extractDeepLinksDebug UP-TO-DATE

> Task :app:parseDebugLocalResources FAILED
[Fatal Error] fragment_debt.xml:135:7: The element type "LinearLayout" must be terminated by the matching end-tag "</LinearLayout>".

> Task :app:processDebugMainManifest
> Task :app:mergeDebugResources FAILED

[Incubating] Problems report is available at: file:///D:/Android/Myproject/RoomieSplit/build/reports/problems/problems-report.html

FAILURE: Build completed with 2 failures.

1: Task failed with an exception.
-----------
* What went wrong:
Execution failed for task ':app:parseDebugLocalResources'.
> A failure occurred while executing com.android.build.gradle.internal.res.ParseLibraryResourcesTask$ParseResourcesRunnable
   > Failed to parse XML file 'D:\Android\Myproject\RoomieSplit\app\build\intermediates\packaged_res\debug\layout\fragment_debt.xml'

* Try:
> Run with --stacktrace option to get the stack trace.
> Run with --info or --debug option to get more log output.
> Run with --scan to get full insights.
> Get more help at https://help.gradle.org.
==============================================================================

2: Task failed with an exception.
-----------
* What went wrong:
Execution failed for task ':app:mergeDebugResources'.
> A failure occurred while executing com.android.build.gradle.internal.res.ResourceCompilerRunnable
   > Resource compilation failed (Failed to compile resource file: D:\Android\Myproject\RoomieSplit\app\src\main\res\layout\fragment_debt.xml: . Cause: javax.xml.stream.XMLStreamException: ParseError at [row,col]:[135,7]
     Message: 元素类型 "LinearLayout" 必须由匹配的结束标记 "</LinearLayout>" 终止。). Check logs for more details.

* Try:
> Run with --stacktrace option to get the stack trace.
> Run with --info or --debug option to get more log output.
> Run with --scan to get full insights.
> Get more help at https://help.gradle.org.
==============================================================================

Deprecated Gradle features were used in this build, making it incompatible with Gradle 9.0.

You can use '--warning-mode all' to show the individual deprecation warnings and determine if they come from your own scripts or plugins.

For more on this, please refer to https://docs.gradle.org/8.13/userguide/command_line_interface.html#sec:command_line_warnings in the Gradle documentation.

BUILD FAILED in 1s
9 actionable tasks: 3 executed, 6 up-to-date
